#
# There is insufficient memory for the Java Runtime Environment to continue.
# Native memory allocation (malloc) failed to allocate 1470176 bytes for Chunk::new
# Possible reasons:
#   The system is out of physical RAM or swap space
#   The process is running with CompressedOops enabled, and the Java Heap may be blocking the growth of the native heap
# Possible solutions:
#   Reduce memory load on the system
#   Increase physical memory or swap space
#   Check if swap backing store is full
#   Decrease Java heap size (-Xmx/-Xms)
#   Decrease number of Java threads
#   Decrease Java thread stack sizes (-Xss)
#   Set larger code cache with -XX:ReservedCodeCacheSize=
#   JVM is running with Zero Based Compressed Oops mode in which the Java heap is
#     placed in the first 32GB address space. The Java Heap base address is the
#     maximum limit for the native heap growth. Please use -XX:HeapBaseMinAddress
#     to set the Java Heap base and to place the Java Heap above 32GB virtual address.
# This output file may be truncated or incomplete.
#
#  Out of Memory Error (arena.cpp:189), pid=15508, tid=14004
#
# JRE version: OpenJDK Runtime Environment (17.0.7) (build 17.0.7+0-b2043.56-10550314)
# Java VM: OpenJDK 64-Bit Server VM (17.0.7+0-b2043.56-10550314, mixed mode, tiered, compressed oops, compressed class ptrs, g1 gc, windows-amd64)
# No core dump will be written. Minidumps are not enabled by default on client versions of Windows
#

---------------  S U M M A R Y ------------

Command Line: org.jetbrains.kotlin.cli.jvm.K2JVMCompiler @C:\mobile application\Challenge_mobilerecomendaes\app\build\20241102_7634395464538743613.compiler.options

Host: Intel(R) Core(TM) i5-4570T CPU @ 2.90GHz, 4 cores, 11G,  Windows 10 , 64 bit Build 19041 (10.0.19041.5072)
Time: Sat Nov  2 22:42:55 2024 Hora oficial do Brasil elapsed time: 21.475640 seconds (0d 0h 0m 21s)

---------------  T H R E A D  ---------------

Current thread (0x0000021cfca7f2a0):  JavaThread "C2 CompilerThread0" daemon [_thread_in_native, id=14004, stack(0x0000003c98f00000,0x0000003c99000000)]


Current CompileTask:
C2:  21475 7493       4       org.jetbrains.kotlin.descriptors.impl.FunctionDescriptorImpl::doSubstitute (1003 bytes)

Stack: [0x0000003c98f00000,0x0000003c99000000]
Native frames: (J=compiled Java code, j=interpreted, Vv=VM code, C=native code)
V  [jvm.dll+0x683bfa]
V  [jvm.dll+0x8430a4]
V  [jvm.dll+0x8449be]
V  [jvm.dll+0x845023]
V  [jvm.dll+0x24ad2f]
V  [jvm.dll+0xac25c]
V  [jvm.dll+0xac82c]
V  [jvm.dll+0x2b218f]
V  [jvm.dll+0x58c2f7]
V  [jvm.dll+0x225a12]
V  [jvm.dll+0x225def]
V  [jvm.dll+0x21f0b5]
V  [jvm.dll+0x21c56b]
V  [jvm.dll+0x1a605d]
V  [jvm.dll+0x22c148]
V  [jvm.dll+0x22a209]
V  [jvm.dll+0x7f858c]
V  [jvm.dll+0x7f2aea]
V  [jvm.dll+0x682a35]
C  [ucrtbase.dll+0x21bb2]
C  [KERNEL32.DLL+0x17374]
C  [ntdll.dll+0x4cc91]


---------------  P R O C E S S  ---------------

Threads class SMR info:
_java_thread_list=0x0000021c84aff190, length=13, elements={
0x0000021ce0d82250, 0x0000021cfca54270, 0x0000021cfca550e0, 0x0000021cfc90a430,
0x0000021cfc90bff0, 0x0000021cfc90e9b0, 0x0000021cfca7e5c0, 0x0000021cfca7f2a0,
0x0000021cfca80430, 0x0000021cfcafa2f0, 0x0000021cfcbe6040, 0x0000021cfcbf0af0,
0x0000021cfd39e5b0
}

Java Threads: ( => current thread )
  0x0000021ce0d82250 JavaThread "main" [_thread_in_Java, id=9764, stack(0x0000003c98200000,0x0000003c98300000)]
  0x0000021cfca54270 JavaThread "Reference Handler" daemon [_thread_blocked, id=18816, stack(0x0000003c98900000,0x0000003c98a00000)]
  0x0000021cfca550e0 JavaThread "Finalizer" daemon [_thread_blocked, id=11296, stack(0x0000003c98a00000,0x0000003c98b00000)]
  0x0000021cfc90a430 JavaThread "Signal Dispatcher" daemon [_thread_blocked, id=17268, stack(0x0000003c98b00000,0x0000003c98c00000)]
  0x0000021cfc90bff0 JavaThread "Attach Listener" daemon [_thread_blocked, id=5392, stack(0x0000003c98c00000,0x0000003c98d00000)]
  0x0000021cfc90e9b0 JavaThread "Service Thread" daemon [_thread_blocked, id=15464, stack(0x0000003c98d00000,0x0000003c98e00000)]
  0x0000021cfca7e5c0 JavaThread "Monitor Deflation Thread" daemon [_thread_blocked, id=12640, stack(0x0000003c98e00000,0x0000003c98f00000)]
=>0x0000021cfca7f2a0 JavaThread "C2 CompilerThread0" daemon [_thread_in_native, id=14004, stack(0x0000003c98f00000,0x0000003c99000000)]
  0x0000021cfca80430 JavaThread "C1 CompilerThread0" daemon [_thread_in_native, id=19212, stack(0x0000003c99000000,0x0000003c99100000)]
  0x0000021cfcafa2f0 JavaThread "Sweeper thread" daemon [_thread_blocked, id=5048, stack(0x0000003c99100000,0x0000003c99200000)]
  0x0000021cfcbe6040 JavaThread "Notification Thread" daemon [_thread_blocked, id=10072, stack(0x0000003c99200000,0x0000003c99300000)]
  0x0000021cfcbf0af0 JavaThread "Common-Cleaner" daemon [_thread_blocked, id=17632, stack(0x0000003c99400000,0x0000003c99500000)]
  0x0000021cfd39e5b0 JavaThread "C2 CompilerThread1" daemon [_thread_in_native, id=18928, stack(0x0000003c99800000,0x0000003c99900000)]

Other Threads:
  0x0000021cfc8edb10 VMThread "VM Thread" [stack: 0x0000003c98800000,0x0000003c98900000] [id=16188]
  0x0000021cfc87b5e0 WatcherThread [stack: 0x0000003c99300000,0x0000003c99400000] [id=16248]
  0x0000021ce0ddb450 GCTaskThread "GC Thread#0" [stack: 0x0000003c98300000,0x0000003c98400000] [id=19288]
  0x0000021cfd10a000 GCTaskThread "GC Thread#1" [stack: 0x0000003c99500000,0x0000003c99600000] [id=18064]
  0x0000021cfd170f50 GCTaskThread "GC Thread#2" [stack: 0x0000003c99600000,0x0000003c99700000] [id=16992]
  0x0000021cfd171200 GCTaskThread "GC Thread#3" [stack: 0x0000003c99700000,0x0000003c99800000] [id=11220]
  0x0000021ce0de8260 ConcurrentGCThread "G1 Main Marker" [stack: 0x0000003c98400000,0x0000003c98500000] [id=17112]
  0x0000021ce0de8c70 ConcurrentGCThread "G1 Conc#0" [stack: 0x0000003c98500000,0x0000003c98600000] [id=18024]
  0x0000021ce0e46b20 ConcurrentGCThread "G1 Refine#0" [stack: 0x0000003c98600000,0x0000003c98700000] [id=9016]
  0x0000021cfd6f6a40 ConcurrentGCThread "G1 Refine#1" [stack: 0x0000003c99900000,0x0000003c99a00000] [id=15048]
  0x0000021cfd6f6760 ConcurrentGCThread "G1 Refine#2" [stack: 0x0000003c99a00000,0x0000003c99b00000] [id=10856]
  0x0000021cfc7506f0 ConcurrentGCThread "G1 Service" [stack: 0x0000003c98700000,0x0000003c98800000] [id=16772]

Threads with active compile tasks:
C2 CompilerThread0    21523 7493       4       org.jetbrains.kotlin.descriptors.impl.FunctionDescriptorImpl::doSubstitute (1003 bytes)
C1 CompilerThread0    21523 7648       3       org.jetbrains.kotlin.load.java.descriptors.UtilKt::getImplClassNameForDeserialized (41 bytes)
C2 CompilerThread1    21523 7503       4       org.jetbrains.kotlin.com.intellij.lang.impl.PsiBuilderImpl::insertLeaves (88 bytes)

VM state: not at safepoint (normal execution)

VM Mutex/Monitor currently owned by a thread: None

Heap address: 0x0000000741200000, size: 3054 MB, Compressed Oops mode: Zero based, Oop shift amount: 3

CDS archive(s) not mapped
Compressed class space mapped at: 0x0000000800000000-0x0000000840000000, reserved size: 1073741824
Narrow klass base: 0x0000000800000000, Narrow klass shift: 0, Narrow klass range: 0x40000000

GC Precious Log:
 CPUs: 4 total, 4 available
 Memory: 12211M
 Large Page Support: Disabled
 NUMA Support: Disabled
 Compressed Oops: Enabled (Zero based)
 Heap Region Size: 2M
 Heap Min Capacity: 8M
 Heap Initial Capacity: 192M
 Heap Max Capacity: 3054M
 Pre-touch: Disabled
 Parallel Workers: 4
 Concurrent Workers: 1
 Concurrent Refinement Workers: 4
 Periodic GC: Disabled

Heap:
 garbage-first heap   total 204800K, used 110300K [0x0000000741200000, 0x0000000800000000)
  region size 2048K, 34 young (69632K), 2 survivors (4096K)
 Metaspace       used 56540K, committed 56768K, reserved 1114112K
  class space    used 6597K, committed 6720K, reserved 1048576K

Heap Regions: E=young(eden), S=young(survivor), O=old, HS=humongous(starts), HC=humongous(continues), CS=collection set, F=free, OA=open archive, CA=closed archive, TAMS=top-at-mark-start (previous, next)
|   0|0x0000000741200000, 0x0000000741400000, 0x0000000741400000|100%|HS|  |TAMS 0x0000000741400000, 0x0000000741200000| Complete 
|   1|0x0000000741400000, 0x0000000741600000, 0x0000000741600000|100%|HC|  |TAMS 0x0000000741600000, 0x0000000741400000| Complete 
|   2|0x0000000741600000, 0x0000000741800000, 0x0000000741800000|100%| O|  |TAMS 0x0000000741800000, 0x0000000741600000| Untracked 
|   3|0x0000000741800000, 0x0000000741a00000, 0x0000000741a00000|100%| O|  |TAMS 0x0000000741a00000, 0x0000000741800000| Untracked 
|   4|0x0000000741a00000, 0x0000000741c00000, 0x0000000741c00000|100%| O|  |TAMS 0x0000000741c00000, 0x0000000741a00000| Untracked 
|   5|0x0000000741c00000, 0x0000000741e00000, 0x0000000741e00000|100%| O|  |TAMS 0x0000000741e00000, 0x0000000741c00000| Untracked 
|   6|0x0000000741e00000, 0x0000000742000000, 0x0000000742000000|100%| O|  |TAMS 0x0000000742000000, 0x0000000741e00000| Untracked 
|   7|0x0000000742000000, 0x0000000742200000, 0x0000000742200000|100%|HS|  |TAMS 0x0000000742200000, 0x0000000742000000| Complete 
|   8|0x0000000742200000, 0x0000000742400000, 0x0000000742400000|100%| O|  |TAMS 0x0000000742400000, 0x0000000742200000| Untracked 
|   9|0x0000000742400000, 0x0000000742600000, 0x0000000742600000|100%| O|  |TAMS 0x0000000742400000, 0x0000000742400000| Untracked 
|  10|0x0000000742600000, 0x0000000742800000, 0x0000000742800000|100%| O|  |TAMS 0x0000000742800000, 0x0000000742600000| Untracked 
|  11|0x0000000742800000, 0x0000000742a00000, 0x0000000742a00000|100%| O|  |TAMS 0x0000000742a00000, 0x0000000742800000| Untracked 
|  12|0x0000000742a00000, 0x0000000742c00000, 0x0000000742c00000|100%| O|  |TAMS 0x0000000742c00000, 0x0000000742a00000| Untracked 
|  13|0x0000000742c00000, 0x0000000742e00000, 0x0000000742e00000|100%| O|  |TAMS 0x0000000742d3d800, 0x0000000742c00000| Untracked 
|  14|0x0000000742e00000, 0x0000000743000000, 0x0000000743000000|100%| O|  |TAMS 0x0000000742e00000, 0x0000000742e00000| Untracked 
|  15|0x0000000743000000, 0x0000000743200000, 0x0000000743200000|100%| O|  |TAMS 0x0000000743000000, 0x0000000743000000| Untracked 
|  16|0x0000000743200000, 0x0000000743400000, 0x0000000743400000|100%| O|  |TAMS 0x0000000743200000, 0x0000000743200000| Untracked 
|  17|0x0000000743400000, 0x0000000743600000, 0x0000000743600000|100%| O|  |TAMS 0x0000000743400000, 0x0000000743400000| Untracked 
|  18|0x0000000743600000, 0x0000000743800000, 0x0000000743800000|100%| O|  |TAMS 0x0000000743600000, 0x0000000743600000| Untracked 
|  19|0x0000000743800000, 0x0000000743a00000, 0x0000000743a00000|100%| O|  |TAMS 0x0000000743800000, 0x0000000743800000| Untracked 
|  20|0x0000000743a00000, 0x0000000743c00000, 0x0000000743c00000|100%| O|  |TAMS 0x0000000743a00000, 0x0000000743a00000| Untracked 
|  21|0x0000000743c00000, 0x0000000743d0a800, 0x0000000743e00000| 52%| O|  |TAMS 0x0000000743c00000, 0x0000000743c00000| Untracked 
|  22|0x0000000743e00000, 0x0000000743e00000, 0x0000000744000000|  0%| F|  |TAMS 0x0000000743e00000, 0x0000000743e00000| Untracked 
|  23|0x0000000744000000, 0x0000000744000000, 0x0000000744200000|  0%| F|  |TAMS 0x0000000744000000, 0x0000000744000000| Untracked 
|  24|0x0000000744200000, 0x0000000744200000, 0x0000000744400000|  0%| F|  |TAMS 0x0000000744200000, 0x0000000744200000| Untracked 
|  25|0x0000000744400000, 0x0000000744400000, 0x0000000744600000|  0%| F|  |TAMS 0x0000000744400000, 0x0000000744400000| Untracked 
|  26|0x0000000744600000, 0x0000000744600000, 0x0000000744800000|  0%| F|  |TAMS 0x0000000744600000, 0x0000000744600000| Untracked 
|  27|0x0000000744800000, 0x0000000744800000, 0x0000000744a00000|  0%| F|  |TAMS 0x0000000744800000, 0x0000000744800000| Untracked 
|  28|0x0000000744a00000, 0x0000000744a00000, 0x0000000744c00000|  0%| F|  |TAMS 0x0000000744a00000, 0x0000000744a00000| Untracked 
|  29|0x0000000744c00000, 0x0000000744c00000, 0x0000000744e00000|  0%| F|  |TAMS 0x0000000744c00000, 0x0000000744c00000| Untracked 
|  30|0x0000000744e00000, 0x0000000744e00000, 0x0000000745000000|  0%| F|  |TAMS 0x0000000744e00000, 0x0000000744e00000| Untracked 
|  31|0x0000000745000000, 0x00000007450acb10, 0x0000000745200000| 33%| S|CS|TAMS 0x0000000745000000, 0x0000000745000000| Complete 
|  32|0x0000000745200000, 0x0000000745400000, 0x0000000745400000|100%| S|CS|TAMS 0x0000000745200000, 0x0000000745200000| Complete 
|  33|0x0000000745400000, 0x0000000745400000, 0x0000000745600000|  0%| F|  |TAMS 0x0000000745400000, 0x0000000745400000| Untracked 
|  34|0x0000000745600000, 0x0000000745600000, 0x0000000745800000|  0%| F|  |TAMS 0x0000000745600000, 0x0000000745600000| Untracked 
|  35|0x0000000745800000, 0x0000000745800000, 0x0000000745a00000|  0%| F|  |TAMS 0x0000000745800000, 0x0000000745800000| Untracked 
|  36|0x0000000745a00000, 0x0000000745a00000, 0x0000000745c00000|  0%| F|  |TAMS 0x0000000745a00000, 0x0000000745a00000| Untracked 
|  37|0x0000000745c00000, 0x0000000745c00000, 0x0000000745e00000|  0%| F|  |TAMS 0x0000000745c00000, 0x0000000745c00000| Untracked 
|  38|0x0000000745e00000, 0x0000000745e00000, 0x0000000746000000|  0%| F|  |TAMS 0x0000000745e00000, 0x0000000745e00000| Untracked 
|  39|0x0000000746000000, 0x0000000746000000, 0x0000000746200000|  0%| F|  |TAMS 0x0000000746000000, 0x0000000746000000| Untracked 
|  40|0x0000000746200000, 0x0000000746200000, 0x0000000746400000|  0%| F|  |TAMS 0x0000000746200000, 0x0000000746200000| Untracked 
|  41|0x0000000746400000, 0x0000000746400000, 0x0000000746600000|  0%| F|  |TAMS 0x0000000746400000, 0x0000000746400000| Untracked 
|  42|0x0000000746600000, 0x0000000746600000, 0x0000000746800000|  0%| F|  |TAMS 0x0000000746600000, 0x0000000746600000| Untracked 
|  43|0x0000000746800000, 0x0000000746800000, 0x0000000746a00000|  0%| F|  |TAMS 0x0000000746800000, 0x0000000746800000| Untracked 
|  44|0x0000000746a00000, 0x0000000746a00000, 0x0000000746c00000|  0%| F|  |TAMS 0x0000000746a00000, 0x0000000746a00000| Untracked 
|  45|0x0000000746c00000, 0x0000000746c00000, 0x0000000746e00000|  0%| F|  |TAMS 0x0000000746c00000, 0x0000000746c00000| Untracked 
|  46|0x0000000746e00000, 0x0000000746e00000, 0x0000000747000000|  0%| F|  |TAMS 0x0000000746e00000, 0x0000000746e00000| Untracked 
|  47|0x0000000747000000, 0x0000000747000000, 0x0000000747200000|  0%| F|  |TAMS 0x0000000747000000, 0x0000000747000000| Untracked 
|  48|0x0000000747200000, 0x0000000747200000, 0x0000000747400000|  0%| F|  |TAMS 0x0000000747200000, 0x0000000747200000| Untracked 
|  49|0x0000000747400000, 0x0000000747400000, 0x0000000747600000|  0%| F|  |TAMS 0x0000000747400000, 0x0000000747400000| Untracked 
|  50|0x0000000747600000, 0x0000000747600000, 0x0000000747800000|  0%| F|  |TAMS 0x0000000747600000, 0x0000000747600000| Untracked 
|  51|0x0000000747800000, 0x0000000747800000, 0x0000000747a00000|  0%| F|  |TAMS 0x0000000747800000, 0x0000000747800000| Untracked 
|  52|0x0000000747a00000, 0x0000000747a00000, 0x0000000747c00000|  0%| F|  |TAMS 0x0000000747a00000, 0x0000000747a00000| Untracked 
|  53|0x0000000747c00000, 0x0000000747c00000, 0x0000000747e00000|  0%| F|  |TAMS 0x0000000747c00000, 0x0000000747c00000| Untracked 
|  54|0x0000000747e00000, 0x0000000747e00000, 0x0000000748000000|  0%| F|  |TAMS 0x0000000747e00000, 0x0000000747e00000| Untracked 
|  55|0x0000000748000000, 0x0000000748000000, 0x0000000748200000|  0%| F|  |TAMS 0x0000000748000000, 0x0000000748000000| Untracked 
|  56|0x0000000748200000, 0x0000000748200000, 0x0000000748400000|  0%| F|  |TAMS 0x0000000748200000, 0x0000000748200000| Untracked 
|  57|0x0000000748400000, 0x0000000748400000, 0x0000000748600000|  0%| F|  |TAMS 0x0000000748400000, 0x0000000748400000| Untracked 
|  58|0x0000000748600000, 0x0000000748600000, 0x0000000748800000|  0%| F|  |TAMS 0x0000000748600000, 0x0000000748600000| Untracked 
|  59|0x0000000748800000, 0x0000000748800000, 0x0000000748a00000|  0%| F|  |TAMS 0x0000000748800000, 0x0000000748800000| Untracked 
|  60|0x0000000748a00000, 0x0000000748a00000, 0x0000000748c00000|  0%| F|  |TAMS 0x0000000748a00000, 0x0000000748a00000| Untracked 
|  61|0x0000000748c00000, 0x0000000748c00000, 0x0000000748e00000|  0%| F|  |TAMS 0x0000000748c00000, 0x0000000748c00000| Untracked 
|  62|0x0000000748e00000, 0x0000000748e00000, 0x0000000749000000|  0%| F|  |TAMS 0x0000000748e00000, 0x0000000748e00000| Untracked 
|  63|0x0000000749000000, 0x0000000749000000, 0x0000000749200000|  0%| F|  |TAMS 0x0000000749000000, 0x0000000749000000| Untracked 
|  64|0x0000000749200000, 0x0000000749200000, 0x0000000749400000|  0%| F|  |TAMS 0x0000000749200000, 0x0000000749200000| Untracked 
|  65|0x0000000749400000, 0x0000000749400000, 0x0000000749600000|  0%| F|  |TAMS 0x0000000749400000, 0x0000000749400000| Untracked 
|  66|0x0000000749600000, 0x0000000749600000, 0x0000000749800000|  0%| F|  |TAMS 0x0000000749600000, 0x0000000749600000| Untracked 
|  67|0x0000000749800000, 0x0000000749800000, 0x0000000749a00000|  0%| F|  |TAMS 0x0000000749800000, 0x0000000749800000| Untracked 
|  68|0x0000000749a00000, 0x0000000749b00800, 0x0000000749c00000| 50%| E|  |TAMS 0x0000000749a00000, 0x0000000749a00000| Complete 
|  69|0x0000000749c00000, 0x0000000749e00000, 0x0000000749e00000|100%| E|CS|TAMS 0x0000000749c00000, 0x0000000749c00000| Complete 
|  70|0x0000000749e00000, 0x000000074a000000, 0x000000074a000000|100%| E|CS|TAMS 0x0000000749e00000, 0x0000000749e00000| Complete 
|  71|0x000000074a000000, 0x000000074a200000, 0x000000074a200000|100%| E|CS|TAMS 0x000000074a000000, 0x000000074a000000| Complete 
|  72|0x000000074a200000, 0x000000074a400000, 0x000000074a400000|100%| E|CS|TAMS 0x000000074a200000, 0x000000074a200000| Complete 
|  73|0x000000074a400000, 0x000000074a600000, 0x000000074a600000|100%| E|CS|TAMS 0x000000074a400000, 0x000000074a400000| Complete 
|  74|0x000000074a600000, 0x000000074a800000, 0x000000074a800000|100%| E|CS|TAMS 0x000000074a600000, 0x000000074a600000| Complete 
|  75|0x000000074a800000, 0x000000074aa00000, 0x000000074aa00000|100%| E|CS|TAMS 0x000000074a800000, 0x000000074a800000| Complete 
|  76|0x000000074aa00000, 0x000000074ac00000, 0x000000074ac00000|100%| E|CS|TAMS 0x000000074aa00000, 0x000000074aa00000| Complete 
|  77|0x000000074ac00000, 0x000000074ae00000, 0x000000074ae00000|100%| E|CS|TAMS 0x000000074ac00000, 0x000000074ac00000| Complete 
|  78|0x000000074ae00000, 0x000000074b000000, 0x000000074b000000|100%| E|CS|TAMS 0x000000074ae00000, 0x000000074ae00000| Complete 
|  79|0x000000074b000000, 0x000000074b200000, 0x000000074b200000|100%| E|CS|TAMS 0x000000074b000000, 0x000000074b000000| Complete 
|  80|0x000000074b200000, 0x000000074b400000, 0x000000074b400000|100%| E|CS|TAMS 0x000000074b200000, 0x000000074b200000| Complete 
|  81|0x000000074b400000, 0x000000074b600000, 0x000000074b600000|100%| E|CS|TAMS 0x000000074b400000, 0x000000074b400000| Complete 
|  82|0x000000074b600000, 0x000000074b800000, 0x000000074b800000|100%| E|CS|TAMS 0x000000074b600000, 0x000000074b600000| Complete 
|  83|0x000000074b800000, 0x000000074ba00000, 0x000000074ba00000|100%| E|CS|TAMS 0x000000074b800000, 0x000000074b800000| Complete 
|  84|0x000000074ba00000, 0x000000074bc00000, 0x000000074bc00000|100%| E|CS|TAMS 0x000000074ba00000, 0x000000074ba00000| Complete 
|  85|0x000000074bc00000, 0x000000074be00000, 0x000000074be00000|100%| E|CS|TAMS 0x000000074bc00000, 0x000000074bc00000| Complete 
|  86|0x000000074be00000, 0x000000074c000000, 0x000000074c000000|100%| E|CS|TAMS 0x000000074be00000, 0x000000074be00000| Complete 
|  87|0x000000074c000000, 0x000000074c200000, 0x000000074c200000|100%| E|CS|TAMS 0x000000074c000000, 0x000000074c000000| Complete 
|  88|0x000000074c200000, 0x000000074c400000, 0x000000074c400000|100%| E|CS|TAMS 0x000000074c200000, 0x000000074c200000| Complete 
|  89|0x000000074c400000, 0x000000074c600000, 0x000000074c600000|100%| E|CS|TAMS 0x000000074c400000, 0x000000074c400000| Complete 
|  90|0x000000074c600000, 0x000000074c800000, 0x000000074c800000|100%| E|CS|TAMS 0x000000074c600000, 0x000000074c600000| Complete 
|  91|0x000000074c800000, 0x000000074ca00000, 0x000000074ca00000|100%| E|CS|TAMS 0x000000074c800000, 0x000000074c800000| Complete 
|  92|0x000000074ca00000, 0x000000074cc00000, 0x000000074cc00000|100%| E|CS|TAMS 0x000000074ca00000, 0x000000074ca00000| Complete 
|  93|0x000000074cc00000, 0x000000074ce00000, 0x000000074ce00000|100%| E|CS|TAMS 0x000000074cc00000, 0x000000074cc00000| Complete 
|  94|0x000000074ce00000, 0x000000074d000000, 0x000000074d000000|100%| E|CS|TAMS 0x000000074ce00000, 0x000000074ce00000| Complete 
|  95|0x000000074d000000, 0x000000074d200000, 0x000000074d200000|100%| E|CS|TAMS 0x000000074d000000, 0x000000074d000000| Complete 
|  96|0x000000074d200000, 0x000000074d400000, 0x000000074d400000|100%| E|CS|TAMS 0x000000074d200000, 0x000000074d200000| Complete 
|  97|0x000000074d400000, 0x000000074d600000, 0x000000074d600000|100%| E|CS|TAMS 0x000000074d400000, 0x000000074d400000| Complete 
|  98|0x000000074d600000, 0x000000074d800000, 0x000000074d800000|100%| E|CS|TAMS 0x000000074d600000, 0x000000074d600000| Complete 
|  99|0x000000074d800000, 0x000000074da00000, 0x000000074da00000|100%| E|CS|TAMS 0x000000074d800000, 0x000000074d800000| Complete 

Card table byte_map: [0x0000021cf3860000,0x0000021cf3e60000] _byte_map_base: 0x0000021cefe57000

Marking Bits (Prev, Next): (CMBitMap*) 0x0000021ce0ddbaa0, (CMBitMap*) 0x0000021ce0ddba60
 Prev Bits: [0x0000021cf7420000, 0x0000021cfa3d8000)
 Next Bits: [0x0000021cf4460000, 0x0000021cf7418000)

Polling page: 0x0000021cdef10000

Metaspace:

Usage:
  Non-class:     48.78 MB used.
      Class:      6.44 MB used.
       Both:     55.22 MB used.

Virtual space:
  Non-class space:       64.00 MB reserved,      48.88 MB ( 76%) committed,  1 nodes.
      Class space:        1.00 GB reserved,       6.56 MB ( <1%) committed,  1 nodes.
             Both:        1.06 GB reserved,      55.44 MB (  5%) committed. 

Chunk freelists:
   Non-Class:  15.13 MB
       Class:  9.42 MB
        Both:  24.54 MB

MaxMetaspaceSize: unlimited
CompressedClassSpaceSize: 1.00 GB
Initial GC threshold: 21.00 MB
Current GC threshold: 76.38 MB
CDS: off
MetaspaceReclaimPolicy: balanced
 - commit_granule_bytes: 65536.
 - commit_granule_words: 8192.
 - virtual_space_node_default_size: 8388608.
 - enlarge_chunks_in_place: 1.
 - new_chunks_are_fully_committed: 0.
 - uncommit_free_chunks: 1.
 - use_allocation_guard: 0.
 - handle_deallocations: 1.


Internal statistics:

num_allocs_failed_limit: 9.
num_arena_births: 256.
num_arena_deaths: 0.
num_vsnodes_births: 2.
num_vsnodes_deaths: 0.
num_space_committed: 885.
num_space_uncommitted: 0.
num_chunks_returned_to_freelist: 9.
num_chunks_taken_from_freelist: 2012.
num_chunk_merges: 9.
num_chunk_splits: 1625.
num_chunks_enlarged: 1422.
num_inconsistent_stats: 0.

CodeHeap 'non-profiled nmethods': size=120000Kb used=3847Kb max_used=3847Kb free=116152Kb
 bounds [0x0000021cebd30000, 0x0000021cec100000, 0x0000021cf3260000]
CodeHeap 'profiled nmethods': size=120000Kb used=18451Kb max_used=18451Kb free=101548Kb
 bounds [0x0000021ce4260000, 0x0000021ce5470000, 0x0000021ceb790000]
CodeHeap 'non-nmethods': size=5760Kb used=1295Kb max_used=1359Kb free=4464Kb
 bounds [0x0000021ceb790000, 0x0000021ceba00000, 0x0000021cebd30000]
 total_blobs=7365 nmethods=6759 adapters=516
 compilation: enabled
              stopped_count=0, restarted_count=0
 full_count=0

Compilation events (20 events):
Event: 21.458 Thread 0x0000021cfca80430 7601       3       org.jetbrains.kotlin.resolve.calls.tower.ScopeTowerProcessorsKt$createVariableProcessor$1::<init> (11 bytes)
Event: 21.458 Thread 0x0000021cfca80430 nmethod 7601 0x0000021ce5438510 code [0x0000021ce54386c0, 0x0000021ce54388f8]
Event: 21.459 Thread 0x0000021cfca80430 7602       3       org.jetbrains.kotlin.resolve.calls.tower.ScopeTowerProcessorsKt$createVariableAndObjectProcessor$1::<init> (11 bytes)
Event: 21.459 Thread 0x0000021cfca80430 nmethod 7602 0x0000021ce5438a10 code [0x0000021ce5438bc0, 0x0000021ce5438df8]
Event: 21.459 Thread 0x0000021cfca80430 7603       3       org.jetbrains.kotlin.resolve.calls.tower.VariableAndObjectScopeTowerProcessor::<init> (27 bytes)
Event: 21.460 Thread 0x0000021cfca80430 nmethod 7603 0x0000021ce5438f10 code [0x0000021ce54391a0, 0x0000021ce5439d38]
Event: 21.460 Thread 0x0000021cfca80430 7604       3       org.jetbrains.kotlin.resolve.scopes.receivers.AbstractReceiverValue::<init> (31 bytes)
Event: 21.460 Thread 0x0000021cfca80430 nmethod 7604 0x0000021ce543a110 code [0x0000021ce543a2c0, 0x0000021ce543a5c8]
Event: 21.463 Thread 0x0000021cfca80430 7605       3       java.lang.Integer::parseInt (264 bytes)
Event: 21.465 Thread 0x0000021cfca80430 nmethod 7605 0x0000021ce543a690 code [0x0000021ce543ab20, 0x0000021ce543ca18]
Event: 21.465 Thread 0x0000021cfca80430 7609       3       org.jetbrains.kotlin.resolve.calls.inference.model.NewConstraintSystemImpl::prepareTransaction (328 bytes)
Event: 21.467 Thread 0x0000021cfca80430 nmethod 7609 0x0000021ce543d690 code [0x0000021ce543da20, 0x0000021ce543f268]
Event: 21.467 Thread 0x0000021cfca80430 7606       3       java.lang.Long::stringSize (55 bytes)
Event: 21.467 Thread 0x0000021cfca80430 nmethod 7606 0x0000021ce543fc90 code [0x0000021ce543fe40, 0x0000021ce54400d8]
Event: 21.467 Thread 0x0000021cfca80430 7607       3       java.lang.Long::getChars (208 bytes)
Event: 21.468 Thread 0x0000021cfca80430 nmethod 7607 0x0000021ce5440190 code [0x0000021ce5440380, 0x0000021ce5440998]
Event: 21.468 Thread 0x0000021cfca80430 7608       1       org.jetbrains.kotlin.resolve.calls.model.LambdaKotlinCallArgument::isSpread (2 bytes)
Event: 21.468 Thread 0x0000021cfca80430 nmethod 7608 0x0000021cec0f0990 code [0x0000021cec0f0b20, 0x0000021cec0f0bf8]
Event: 21.470 Thread 0x0000021cfca80430 7610       3       org.jetbrains.kotlin.resolve.calls.inference.model.NewConstraintSystemImpl::isNotNullTypeParameter (18 bytes)
Event: 21.471 Thread 0x0000021cfca80430 nmethod 7610 0x0000021ce5440d10 code [0x0000021ce5440f20, 0x0000021ce54415a8]

GC Heap History (20 events):
Event: 6.518 GC heap before
{Heap before GC invocations=8 (full 0):
 garbage-first heap   total 49152K, used 31391K [0x0000000741200000, 0x0000000800000000)
  region size 2048K, 8 young (16384K), 1 survivors (2048K)
 Metaspace       used 31972K, committed 32128K, reserved 1114112K
  class space    used 4052K, committed 4160K, reserved 1048576K
}
Event: 6.525 GC heap after
{Heap after GC invocations=9 (full 0):
 garbage-first heap   total 49152K, used 20903K [0x0000000741200000, 0x0000000800000000)
  region size 2048K, 1 young (2048K), 1 survivors (2048K)
 Metaspace       used 31972K, committed 32128K, reserved 1114112K
  class space    used 4052K, committed 4160K, reserved 1048576K
}
Event: 7.006 GC heap before
{Heap before GC invocations=9 (full 0):
 garbage-first heap   total 49152K, used 33191K [0x0000000741200000, 0x0000000800000000)
  region size 2048K, 7 young (14336K), 1 survivors (2048K)
 Metaspace       used 34414K, committed 34624K, reserved 1114112K
  class space    used 4265K, committed 4352K, reserved 1048576K
}
Event: 7.012 GC heap after
{Heap after GC invocations=10 (full 0):
 garbage-first heap   total 49152K, used 22377K [0x0000000741200000, 0x0000000800000000)
  region size 2048K, 1 young (2048K), 1 survivors (2048K)
 Metaspace       used 34414K, committed 34624K, reserved 1114112K
  class space    used 4265K, committed 4352K, reserved 1048576K
}
Event: 7.199 GC heap before
{Heap before GC invocations=10 (full 0):
 garbage-first heap   total 49152K, used 28521K [0x0000000741200000, 0x0000000800000000)
  region size 2048K, 5 young (10240K), 1 survivors (2048K)
 Metaspace       used 35772K, committed 35968K, reserved 1114112K
  class space    used 4372K, committed 4480K, reserved 1048576K
}
Event: 7.204 GC heap after
{Heap after GC invocations=11 (full 0):
 garbage-first heap   total 94208K, used 23912K [0x0000000741200000, 0x0000000800000000)
  region size 2048K, 1 young (2048K), 1 survivors (2048K)
 Metaspace       used 35772K, committed 35968K, reserved 1114112K
  class space    used 4372K, committed 4480K, reserved 1048576K
}
Event: 8.715 GC heap before
{Heap before GC invocations=12 (full 0):
 garbage-first heap   total 90112K, used 64872K [0x0000000741200000, 0x0000000800000000)
  region size 2048K, 22 young (45056K), 1 survivors (2048K)
 Metaspace       used 42448K, committed 42688K, reserved 1114112K
  class space    used 5152K, committed 5248K, reserved 1048576K
}
Event: 8.727 GC heap after
{Heap after GC invocations=13 (full 0):
 garbage-first heap   total 90112K, used 26868K [0x0000000741200000, 0x0000000800000000)
  region size 2048K, 3 young (6144K), 3 survivors (6144K)
 Metaspace       used 42448K, committed 42688K, reserved 1114112K
  class space    used 5152K, committed 5248K, reserved 1048576K
}
Event: 8.740 GC heap before
{Heap before GC invocations=13 (full 0):
 garbage-first heap   total 90112K, used 28916K [0x0000000741200000, 0x0000000800000000)
  region size 2048K, 4 young (8192K), 3 survivors (6144K)
 Metaspace       used 42450K, committed 42688K, reserved 1114112K
  class space    used 5152K, committed 5248K, reserved 1048576K
}
Event: 8.754 GC heap after
{Heap after GC invocations=14 (full 0):
 garbage-first heap   total 90112K, used 26477K [0x0000000741200000, 0x0000000800000000)
  region size 2048K, 1 young (2048K), 1 survivors (2048K)
 Metaspace       used 42450K, committed 42688K, reserved 1114112K
  class space    used 5152K, committed 5248K, reserved 1048576K
}
Event: 11.699 GC heap before
{Heap before GC invocations=14 (full 0):
 garbage-first heap   total 90112K, used 65389K [0x0000000741200000, 0x0000000800000000)
  region size 2048K, 19 young (38912K), 1 survivors (2048K)
 Metaspace       used 46506K, committed 46720K, reserved 1114112K
  class space    used 5577K, committed 5696K, reserved 1048576K
}
Event: 11.709 GC heap after
{Heap after GC invocations=15 (full 0):
 garbage-first heap   total 90112K, used 31045K [0x0000000741200000, 0x0000000800000000)
  region size 2048K, 2 young (4096K), 2 survivors (4096K)
 Metaspace       used 46506K, committed 46720K, reserved 1114112K
  class space    used 5577K, committed 5696K, reserved 1048576K
}
Event: 14.194 GC heap before
{Heap before GC invocations=16 (full 0):
 garbage-first heap   total 90112K, used 65861K [0x0000000741200000, 0x0000000800000000)
  region size 2048K, 19 young (38912K), 2 survivors (4096K)
 Metaspace       used 50248K, committed 50496K, reserved 1114112K
  class space    used 5963K, committed 6080K, reserved 1048576K
}
Event: 14.219 GC heap after
{Heap after GC invocations=17 (full 0):
 garbage-first heap   total 90112K, used 37765K [0x0000000741200000, 0x0000000800000000)
  region size 2048K, 3 young (6144K), 3 survivors (6144K)
 Metaspace       used 50248K, committed 50496K, reserved 1114112K
  class space    used 5963K, committed 6080K, reserved 1048576K
}
Event: 14.386 GC heap before
{Heap before GC invocations=17 (full 0):
 garbage-first heap   total 90112K, used 39813K [0x0000000741200000, 0x0000000800000000)
  region size 2048K, 4 young (8192K), 3 survivors (6144K)
 Metaspace       used 50331K, committed 50560K, reserved 1114112K
  class space    used 5963K, committed 6080K, reserved 1048576K
}
Event: 14.404 GC heap after
{Heap after GC invocations=18 (full 0):
 garbage-first heap   total 90112K, used 38660K [0x0000000741200000, 0x0000000800000000)
  region size 2048K, 1 young (2048K), 1 survivors (2048K)
 Metaspace       used 50331K, committed 50560K, reserved 1114112K
  class space    used 5963K, committed 6080K, reserved 1048576K
}
Event: 16.645 GC heap before
{Heap before GC invocations=18 (full 0):
 garbage-first heap   total 90112K, used 65284K [0x0000000741200000, 0x0000000800000000)
  region size 2048K, 14 young (28672K), 1 survivors (2048K)
 Metaspace       used 50710K, committed 50944K, reserved 1114112K
  class space    used 5971K, committed 6080K, reserved 1048576K
}
Event: 16.669 GC heap after
{Heap after GC invocations=19 (full 0):
 garbage-first heap   total 90112K, used 43653K [0x0000000741200000, 0x0000000800000000)
  region size 2048K, 2 young (4096K), 2 survivors (4096K)
 Metaspace       used 50710K, committed 50944K, reserved 1114112K
  class space    used 5971K, committed 6080K, reserved 1048576K
}
Event: 17.619 GC heap before
{Heap before GC invocations=19 (full 0):
 garbage-first heap   total 90112K, used 66181K [0x0000000741200000, 0x0000000800000000)
  region size 2048K, 13 young (26624K), 2 survivors (4096K)
 Metaspace       used 51004K, committed 51200K, reserved 1114112K
  class space    used 5996K, committed 6080K, reserved 1048576K
}
Event: 17.645 GC heap after
{Heap after GC invocations=20 (full 0):
 garbage-first heap   total 204800K, used 46812K [0x0000000741200000, 0x0000000800000000)
  region size 2048K, 2 young (4096K), 2 survivors (4096K)
 Metaspace       used 51004K, committed 51200K, reserved 1114112K
  class space    used 5996K, committed 6080K, reserved 1048576K
}

Dll operation events (2 events):
Event: 0.015 Loaded shared library C:\Program Files\Android\Android Studio1\jbr\bin\java.dll
Event: 2.712 Loaded shared library C:\Program Files\Android\Android Studio1\jbr\bin\verify.dll

Deoptimization events (20 events):
Event: 19.911 Thread 0x0000021ce0d82250 Uncommon trap: trap_request=0xffffffde fr.pc=0x0000021cebd7a890 relative=0x0000000000001350
Event: 19.911 Thread 0x0000021ce0d82250 Uncommon trap: reason=class_check action=maybe_recompile pc=0x0000021cebd7a890 method=java.util.concurrent.ConcurrentHashMap.putVal(Ljava/lang/Object;Ljava/lang/Object;Z)Ljava/lang/Object; @ 242 c2
Event: 19.911 Thread 0x0000021ce0d82250 DEOPT PACKING pc=0x0000021cebd7a890 sp=0x0000003c982f4a00
Event: 19.911 Thread 0x0000021ce0d82250 DEOPT UNPACKING pc=0x0000021ceb7e69a3 sp=0x0000003c982f4970 mode 2
Event: 19.911 Thread 0x0000021ce0d82250 Uncommon trap: trap_request=0xffffffde fr.pc=0x0000021cebd7a890 relative=0x0000000000001350
Event: 19.911 Thread 0x0000021ce0d82250 Uncommon trap: reason=class_check action=maybe_recompile pc=0x0000021cebd7a890 method=java.util.concurrent.ConcurrentHashMap.putVal(Ljava/lang/Object;Ljava/lang/Object;Z)Ljava/lang/Object; @ 242 c2
Event: 19.911 Thread 0x0000021ce0d82250 DEOPT PACKING pc=0x0000021cebd7a890 sp=0x0000003c982f4900
Event: 19.911 Thread 0x0000021ce0d82250 DEOPT UNPACKING pc=0x0000021ceb7e69a3 sp=0x0000003c982f4870 mode 2
Event: 19.911 Thread 0x0000021ce0d82250 Uncommon trap: trap_request=0xffffffde fr.pc=0x0000021cebd7a890 relative=0x0000000000001350
Event: 19.911 Thread 0x0000021ce0d82250 Uncommon trap: reason=class_check action=maybe_recompile pc=0x0000021cebd7a890 method=java.util.concurrent.ConcurrentHashMap.putVal(Ljava/lang/Object;Ljava/lang/Object;Z)Ljava/lang/Object; @ 242 c2
Event: 19.911 Thread 0x0000021ce0d82250 DEOPT PACKING pc=0x0000021cebd7a890 sp=0x0000003c982f4900
Event: 19.911 Thread 0x0000021ce0d82250 DEOPT UNPACKING pc=0x0000021ceb7e69a3 sp=0x0000003c982f4870 mode 2
Event: 20.580 Thread 0x0000021ce0d82250 Uncommon trap: trap_request=0xffffff45 fr.pc=0x0000021cec0313f8 relative=0x0000000000000078
Event: 20.580 Thread 0x0000021ce0d82250 Uncommon trap: reason=unstable_if action=reinterpret pc=0x0000021cec0313f8 method=org.jetbrains.kotlin.descriptors.impl.FunctionDescriptorImpl.performOverriddenLazyCalculationIfNeeded()V @ 6 c2
Event: 20.580 Thread 0x0000021ce0d82250 DEOPT PACKING pc=0x0000021cec0313f8 sp=0x0000003c982f58e0
Event: 20.580 Thread 0x0000021ce0d82250 DEOPT UNPACKING pc=0x0000021ceb7e69a3 sp=0x0000003c982f5818 mode 2
Event: 21.078 Thread 0x0000021ce0d82250 Uncommon trap: trap_request=0xffffffdc fr.pc=0x0000021cec0dfe48 relative=0x00000000000001a8
Event: 21.078 Thread 0x0000021ce0d82250 Uncommon trap: reason=class_check action=make_not_entrant pc=0x0000021cec0dfe48 method=java.util.ArrayList.toArray([Ljava/lang/Object;)[Ljava/lang/Object; @ 21 c2
Event: 21.078 Thread 0x0000021ce0d82250 DEOPT PACKING pc=0x0000021cec0dfe48 sp=0x0000003c982f4e80
Event: 21.078 Thread 0x0000021ce0d82250 DEOPT UNPACKING pc=0x0000021ceb7e69a3 sp=0x0000003c982f4e30 mode 2

Classes unloaded (0 events):
No events

Classes redefined (0 events):
No events

Internal exceptions (20 events):
Event: 7.583 Thread 0x0000021ce0d82250 Exception <a 'java/lang/NoSuchMethodError'{0x0000000745e92ba0}: 'java.lang.Object java.lang.invoke.DirectMethodHandle$Holder.newInvokeSpecial(java.lang.Object, java.lang.Object, int)'> (0x0000000745e92ba0) 
thrown [s\src\hotspot\share\interpreter\linkResolver.cpp, line 771]
Event: 7.778 Thread 0x0000021ce0d82250 Exception <a 'java/lang/NoSuchMethodError'{0x0000000745cce7e0}: 'java.lang.Object java.lang.invoke.DirectMethodHandle$Holder.newInvokeSpecial(java.lang.Object, java.lang.Object, java.lang.Object, int)'> (0x0000000745cce7e0) 
thrown [s\src\hotspot\share\interpreter\linkResolver.cpp, line 771]
Event: 7.779 Thread 0x0000021ce0d82250 Exception <a 'java/lang/NoSuchMethodError'{0x0000000745cd2e68}: 'java.lang.Object java.lang.invoke.DirectMethodHandle$Holder.invokeSpecial(java.lang.Object, java.lang.Object, java.lang.Object, java.lang.Object, int)'> (0x0000000745cd2e68) 
thrown [s\src\hotspot\share\interpreter\linkResolver.cpp, line 771]
Event: 7.780 Thread 0x0000021ce0d82250 Exception <a 'java/lang/NoSuchMethodError'{0x0000000745cd6cd8}: 'java.lang.Object java.lang.invoke.Invokers$Holder.linkToTargetMethod(java.lang.Object, java.lang.Object, int, java.lang.Object)'> (0x0000000745cd6cd8) 
thrown [s\src\hotspot\share\interpreter\linkResolver.cpp, line 771]
Event: 10.626 Thread 0x0000021ce0d82250 Exception <a 'java/lang/NoSuchMethodError'{0x0000000744d8f908}: 'java.lang.Object java.lang.invoke.DirectMethodHandle$Holder.newInvokeSpecial(java.lang.Object, java.lang.Object, java.lang.Object, java.lang.Object, java.lang.Object)'> (0x0000000744d8f908) 
thrown [s\src\hotspot\share\interpreter\linkResolver.cpp, line 771]
Event: 11.709 Thread 0x0000021ce0d82250 Exception <a 'java/lang/NoSuchMethodError'{0x000000074d003048}: 'java.lang.Object java.lang.invoke.DirectMethodHandle$Holder.newInvokeSpecial(java.lang.Object, java.lang.Object, java.lang.Object, java.lang.Object, java.lang.Object, java.lang.Object)'> (0x000000074d003048) 
thrown [s\src\hotspot\share\interpreter\linkResolver.cpp, line 771]
Event: 11.864 Thread 0x0000021ce0d82250 Implicit null exception at 0x0000021cebe7496d to 0x0000021cebe74b44
Event: 11.887 Thread 0x0000021ce0d82250 Implicit null exception at 0x0000021cebe3204c to 0x0000021cebe32134
Event: 12.671 Thread 0x0000021ce0d82250 Exception <a 'java/lang/NoSuchMethodError'{0x00000007459adfc0}: 'java.lang.Object java.lang.invoke.DirectMethodHandle$Holder.newInvokeSpecial(java.lang.Object, int, java.lang.Object)'> (0x00000007459adfc0) 
thrown [s\src\hotspot\share\interpreter\linkResolver.cpp, line 771]
Event: 12.673 Thread 0x0000021ce0d82250 Exception <a 'java/lang/NoSuchMethodError'{0x00000007459b4650}: 'int java.lang.invoke.DirectMethodHandle$Holder.invokeInterface(java.lang.Object, java.lang.Object)'> (0x00000007459b4650) 
thrown [s\src\hotspot\share\interpreter\linkResolver.cpp, line 771]
Event: 13.002 Thread 0x0000021ce0d82250 Exception <a 'java/lang/NoSuchMethodError'{0x00000007457dd478}: 'int java.lang.invoke.DirectMethodHandle$Holder.invokeStaticInit(java.lang.Object, int)'> (0x00000007457dd478) 
thrown [s\src\hotspot\share\interpreter\linkResolver.cpp, line 771]
Event: 13.168 Thread 0x0000021ce0d82250 Exception <a 'java/lang/NoSuchMethodError'{0x0000000745207188}: 'java.lang.Object java.lang.invoke.DirectMethodHandle$Holder.newInvokeSpecial(java.lang.Object, int, java.lang.Object, java.lang.Object)'> (0x0000000745207188) 
thrown [s\src\hotspot\share\interpreter\linkResolver.cpp, line 771]
Event: 18.344 Thread 0x0000021ce0d82250 Exception <a 'java/lang/NoSuchMethodError'{0x000000074b7c80c8}: 'java.lang.Object java.lang.invoke.DirectMethodHandle$Holder.invokeStatic(java.lang.Object, java.lang.Object, java.lang.Object, java.lang.Object, int)'> (0x000000074b7c80c8) 
thrown [s\src\hotspot\share\interpreter\linkResolver.cpp, line 771]
Event: 18.345 Thread 0x0000021ce0d82250 Exception <a 'java/lang/NoSuchMethodError'{0x000000074b7d1f60}: 'java.lang.Object java.lang.invoke.DirectMethodHandle$Holder.newInvokeSpecial(java.lang.Object, java.lang.Object, java.lang.Object, java.lang.Object, int)'> (0x000000074b7d1f60) 
thrown [s\src\hotspot\share\interpreter\linkResolver.cpp, line 771]
Event: 18.346 Thread 0x0000021ce0d82250 Exception <a 'java/lang/NoSuchMethodError'{0x000000074b7da580}: 'java.lang.Object java.lang.invoke.Invokers$Holder.linkToTargetMethod(java.lang.Object, java.lang.Object, java.lang.Object, int, java.lang.Object)'> (0x000000074b7da580) 
thrown [s\src\hotspot\share\interpreter\linkResolver.cpp, line 771]
Event: 18.563 Thread 0x0000021ce0d82250 Exception <a 'java/lang/NoSuchMethodError'{0x000000074b3da228}: 'java.lang.Object java.lang.invoke.DirectMethodHandle$Holder.invokeInterface(java.lang.Object, java.lang.Object, java.lang.Object)'> (0x000000074b3da228) 
thrown [s\src\hotspot\share\interpreter\linkResolver.cpp, line 771]
Event: 18.564 Thread 0x0000021ce0d82250 Exception <a 'java/lang/IncompatibleClassChangeError'{0x000000074b3ddb98}: Found class java.lang.Object, but interface was expected> (0x000000074b3ddb98) 
thrown [s\src\hotspot\share\interpreter\linkResolver.cpp, line 838]
Event: 19.090 Thread 0x0000021ce0d82250 Exception <a 'java/lang/NoSuchMethodError'{0x000000074aec2c28}: 'java.lang.Object java.lang.invoke.DirectMethodHandle$Holder.newInvokeSpecial(java.lang.Object, java.lang.Object, java.lang.Object, java.lang.Object, java.lang.Object, java.lang.Object, java.lang.Object)'> (0x000000074aec2c28) 
thrown [s\src\hotspot\share\interpreter\linkResolver.cpp, line 771]
Event: 19.091 Thread 0x0000021ce0d82250 Exception <a 'java/lang/NoSuchMethodError'{0x000000074aec77e0}: 'java.lang.Object java.lang.invoke.Invokers$Holder.linkToTargetMethod(java.lang.Object, java.lang.Object, java.lang.Object, java.lang.Object, java.lang.Object, java.lang.Object, java.lang.Object)'> (0x000000074aec77e0) 
thrown [s\src\hotspot\share\interpreter\linkResolver.cpp, line 771]
Event: 20.576 Thread 0x0000021ce0d82250 Exception <a 'java/lang/NoSuchMethodError'{0x000000074a3d62b0}: 'java.lang.Object java.lang.invoke.DirectMethodHandle$Holder.invokeStatic(java.lang.Object, int, java.lang.Object)'> (0x000000074a3d62b0) 
thrown [s\src\hotspot\share\interpreter\linkResolver.cpp, line 771]

VM Operations (20 events):
Event: 19.805 Executing VM operation: ICBufferFull
Event: 19.805 Executing VM operation: ICBufferFull done
Event: 19.859 Executing VM operation: HandshakeAllThreads
Event: 19.859 Executing VM operation: HandshakeAllThreads done
Event: 19.922 Executing VM operation: ICBufferFull
Event: 19.922 Executing VM operation: ICBufferFull done
Event: 20.221 Executing VM operation: ICBufferFull
Event: 20.221 Executing VM operation: ICBufferFull done
Event: 20.518 Executing VM operation: ICBufferFull
Event: 20.519 Executing VM operation: ICBufferFull done
Event: 20.578 Executing VM operation: HandshakeAllThreads
Event: 20.578 Executing VM operation: HandshakeAllThreads done
Event: 20.771 Executing VM operation: ICBufferFull
Event: 20.771 Executing VM operation: ICBufferFull done
Event: 21.121 Executing VM operation: ICBufferFull
Event: 21.122 Executing VM operation: ICBufferFull done
Event: 21.198 Executing VM operation: HandshakeAllThreads
Event: 21.199 Executing VM operation: HandshakeAllThreads done
Event: 21.325 Executing VM operation: ICBufferFull
Event: 21.325 Executing VM operation: ICBufferFull done

Events (20 events):
Event: 17.473 Thread 0x0000021cfcafa2f0 flushing nmethod 0x0000021ce4c6fd10
Event: 17.473 Thread 0x0000021cfcafa2f0 flushing nmethod 0x0000021ce4c74b10
Event: 17.473 Thread 0x0000021cfcafa2f0 flushing nmethod 0x0000021ce4c77410
Event: 17.473 Thread 0x0000021cfcafa2f0 flushing nmethod 0x0000021ce4c7a110
Event: 17.473 Thread 0x0000021cfcafa2f0 flushing nmethod 0x0000021ce4c7e190
Event: 17.473 Thread 0x0000021cfcafa2f0 flushing nmethod 0x0000021ce4c95b10
Event: 17.473 Thread 0x0000021cfcafa2f0 flushing nmethod 0x0000021ce4c99890
Event: 17.473 Thread 0x0000021cfcafa2f0 flushing nmethod 0x0000021ce4ca6a90
Event: 17.473 Thread 0x0000021cfcafa2f0 flushing nmethod 0x0000021ce4cad690
Event: 17.474 Thread 0x0000021cfcafa2f0 flushing nmethod 0x0000021ce4d08d10
Event: 17.474 Thread 0x0000021cfcafa2f0 flushing nmethod 0x0000021ce4d31f10
Event: 17.474 Thread 0x0000021cfcafa2f0 flushing nmethod 0x0000021ce4d4de10
Event: 17.475 Thread 0x0000021cfcafa2f0 flushing nmethod 0x0000021ce4f5ae10
Event: 18.302 loading class java/util/function/ToIntFunction
Event: 18.302 loading class java/util/function/ToIntFunction done
Event: 20.223 Thread 0x0000021cfe097490 Thread exited: 0x0000021cfe097490
Event: 20.464 loading class java/util/concurrent/locks/AbstractQueuedSynchronizer$Node
Event: 20.464 loading class java/util/concurrent/locks/AbstractQueuedSynchronizer$Node done
Event: 20.597 Thread 0x0000021cfd39e5b0 Thread added: 0x0000021cfd39e5b0
Event: 21.211 Thread 0x0000021cfcafa2f0 flushing nmethod 0x0000021ce4b8a490


Dynamic libraries:
0x00007ff73ca00000 - 0x00007ff73ca0a000 	C:\Program Files\Android\Android Studio1\jbr\bin\java.exe
0x00007ffd9f1f0000 - 0x00007ffd9f3e8000 	C:\WINDOWS\SYSTEM32\ntdll.dll
0x00007ffd9d420000 - 0x00007ffd9d4e2000 	C:\WINDOWS\System32\KERNEL32.DLL
0x00007ffd9cb60000 - 0x00007ffd9ce5e000 	C:\WINDOWS\System32\KERNELBASE.dll
0x00007ffd9ca60000 - 0x00007ffd9cb60000 	C:\WINDOWS\System32\ucrtbase.dll
0x00007ffd814d0000 - 0x00007ffd814e7000 	C:\Program Files\Android\Android Studio1\jbr\bin\jli.dll
0x00007ffd8dfb0000 - 0x00007ffd8dfcb000 	C:\Program Files\Android\Android Studio1\jbr\bin\VCRUNTIME140.dll
0x00007ffd9f010000 - 0x00007ffd9f1ad000 	C:\WINDOWS\System32\USER32.dll
0x00007ffd9c970000 - 0x00007ffd9c992000 	C:\WINDOWS\System32\win32u.dll
0x00007ffd9d3f0000 - 0x00007ffd9d41b000 	C:\WINDOWS\System32\GDI32.dll
0x00007ffd8bb20000 - 0x00007ffd8bdba000 	C:\WINDOWS\WinSxS\amd64_microsoft.windows.common-controls_6595b64144ccf1df_6.0.19041.4355_none_60b8b9eb71f62e16\COMCTL32.dll
0x00007ffd9cfc0000 - 0x00007ffd9d0d7000 	C:\WINDOWS\System32\gdi32full.dll
0x00007ffd9e160000 - 0x00007ffd9e1fe000 	C:\WINDOWS\System32\msvcrt.dll
0x00007ffd9d0e0000 - 0x00007ffd9d17d000 	C:\WINDOWS\System32\msvcp_win.dll
0x00007ffd9d3c0000 - 0x00007ffd9d3ef000 	C:\WINDOWS\System32\IMM32.DLL
0x00007ffd8dfa0000 - 0x00007ffd8dfac000 	C:\Program Files\Android\Android Studio1\jbr\bin\vcruntime140_1.dll
0x00007ffd67ba0000 - 0x00007ffd67c2d000 	C:\Program Files\Android\Android Studio1\jbr\bin\msvcp140.dll
0x00007ffd4ec80000 - 0x00007ffd4f900000 	C:\Program Files\Android\Android Studio1\jbr\bin\server\jvm.dll
0x00007ffd9e2b0000 - 0x00007ffd9e361000 	C:\WINDOWS\System32\ADVAPI32.dll
0x00007ffd9e790000 - 0x00007ffd9e82f000 	C:\WINDOWS\System32\sechost.dll
0x00007ffd9d5d0000 - 0x00007ffd9d6f3000 	C:\WINDOWS\System32\RPCRT4.dll
0x00007ffd9c940000 - 0x00007ffd9c967000 	C:\WINDOWS\System32\bcrypt.dll
0x00007ffd99c30000 - 0x00007ffd99c39000 	C:\WINDOWS\SYSTEM32\WSOCK32.dll
0x00007ffd90f30000 - 0x00007ffd90f57000 	C:\WINDOWS\SYSTEM32\WINMM.dll
0x00007ffd9e830000 - 0x00007ffd9e89b000 	C:\WINDOWS\System32\WS2_32.dll
0x00007ffd96d80000 - 0x00007ffd96d8a000 	C:\WINDOWS\SYSTEM32\VERSION.dll
0x00007ffd9a6f0000 - 0x00007ffd9a702000 	C:\WINDOWS\SYSTEM32\kernel.appcore.dll
0x00007ffd98c70000 - 0x00007ffd98c7a000 	C:\Program Files\Android\Android Studio1\jbr\bin\jimage.dll
0x00007ffd88410000 - 0x00007ffd885f4000 	C:\WINDOWS\SYSTEM32\DBGHELP.DLL
0x00007ffd883d0000 - 0x00007ffd88404000 	C:\WINDOWS\SYSTEM32\dbgcore.DLL
0x00007ffd9d180000 - 0x00007ffd9d202000 	C:\WINDOWS\System32\bcryptPrimitives.dll
0x00007ffd8c6a0000 - 0x00007ffd8c6c5000 	C:\Program Files\Android\Android Studio1\jbr\bin\java.dll
0x00007ffd8ec90000 - 0x00007ffd8eca8000 	C:\Program Files\Android\Android Studio1\jbr\bin\zip.dll
0x00007ffd9e8a0000 - 0x00007ffd9f00d000 	C:\WINDOWS\System32\SHELL32.dll
0x00007ffd9a8f0000 - 0x00007ffd9b094000 	C:\WINDOWS\SYSTEM32\windows.storage.dll
0x00007ffd9de00000 - 0x00007ffd9e153000 	C:\WINDOWS\System32\combase.dll
0x00007ffd9c2c0000 - 0x00007ffd9c2ee000 	C:\WINDOWS\SYSTEM32\Wldp.dll
0x00007ffd9d270000 - 0x00007ffd9d33d000 	C:\WINDOWS\System32\OLEAUT32.dll
0x00007ffd9e530000 - 0x00007ffd9e5dd000 	C:\WINDOWS\System32\SHCORE.dll
0x00007ffd9d7e0000 - 0x00007ffd9d835000 	C:\WINDOWS\System32\shlwapi.dll
0x00007ffd9c7c0000 - 0x00007ffd9c7e4000 	C:\WINDOWS\SYSTEM32\profapi.dll
0x00007ffd8c680000 - 0x00007ffd8c699000 	C:\Program Files\Android\Android Studio1\jbr\bin\net.dll
0x00007ffd95760000 - 0x00007ffd9586d000 	C:\WINDOWS\SYSTEM32\WINHTTP.dll
0x00007ffd9bf50000 - 0x00007ffd9bfba000 	C:\WINDOWS\system32\mswsock.dll
0x00007ffd8b740000 - 0x00007ffd8b756000 	C:\Program Files\Android\Android Studio1\jbr\bin\nio.dll
0x00007ffd925e0000 - 0x00007ffd925f0000 	C:\Program Files\Android\Android Studio1\jbr\bin\verify.dll

dbghelp: loaded successfully - version: 4.0.5 - missing functions: none
symbol engine: initialized successfully - sym options: 0x614 - pdb path: .;C:\Program Files\Android\Android Studio1\jbr\bin;C:\WINDOWS\SYSTEM32;C:\WINDOWS\WinSxS\amd64_microsoft.windows.common-controls_6595b64144ccf1df_6.0.19041.4355_none_60b8b9eb71f62e16;C:\Program Files\Android\Android Studio1\jbr\bin\server

VM Arguments:
java_command: org.jetbrains.kotlin.cli.jvm.K2JVMCompiler @C:\mobile application\Challenge_mobilerecomendaes\app\build\20241102_7634395464538743613.compiler.options
java_class_path (initial): C:\Users\Rose Gabriela\.gradle\caches\modules-2\files-2.1\org.jetbrains.kotlin\kotlin-compiler-embeddable\1.9.22\9cd4dc7773cf2a99ecd961a88fbbc9a2da3fb5e1\kotlin-compiler-embeddable-1.9.22.jar;C:\Users\Rose Gabriela\.gradle\caches\modules-2\files-2.1\org.jetbrains.kotlin\kotlin-stdlib\1.9.22\d6c44cd08d8f3f9bece8101216dbe6553365c6e3\kotlin-stdlib-1.9.22.jar;C:\Users\Rose Gabriela\.gradle\caches\modules-2\files-2.1\org.jetbrains.kotlin\kotlin-script-runtime\1.9.22\f8139a46fc677ec9badc49ae954392f4f5e7e7c7\kotlin-script-runtime-1.9.22.jar;C:\Users\Rose Gabriela\.gradle\caches\modules-2\files-2.1\org.jetbrains.kotlin\kotlin-reflect\1.6.10\1cbe9c92c12a94eea200d23c2bbaedaf3daf5132\kotlin-reflect-1.6.10.jar;C:\Users\Rose Gabriela\.gradle\caches\modules-2\files-2.1\org.jetbrains.kotlin\kotlin-daemon-embeddable\1.9.22\20e2c5df715f3240c765cfc222530e2796542021\kotlin-daemon-embeddable-1.9.22.jar;C:\Users\Rose Gabriela\.gradle\caches\modules-2\files-2.1\org.jetbrains.intellij.deps\trove4j\1.0.20200330\3afb14d5f9ceb459d724e907a21145e8ff394f02\trove4j-1.0.20200330.jar;C:\Users\Rose Gabriela\.gradle\caches\modules-2\files-2.1\org.jetbrains\annotations\13.0\919f0dfe192fb4e063e7dacadee7f8bb9a2672a9\annotations-13.0.jar
Launcher Type: SUN_STANDARD

[Global flags]
     intx CICompilerCount                          = 3                                         {product} {ergonomic}
     uint ConcGCThreads                            = 1                                         {product} {ergonomic}
     uint G1ConcRefinementThreads                  = 4                                         {product} {ergonomic}
   size_t G1HeapRegionSize                         = 2097152                                   {product} {ergonomic}
    uintx GCDrainStackTargetSize                   = 64                                        {product} {ergonomic}
   size_t InitialHeapSize                          = 201326592                                 {product} {ergonomic}
   size_t MarkStackSize                            = 4194304                                   {product} {ergonomic}
   size_t MaxHeapSize                              = 3202351104                                {product} {ergonomic}
   size_t MaxNewSize                               = 1920991232                                {product} {ergonomic}
   size_t MinHeapDeltaBytes                        = 2097152                                   {product} {ergonomic}
   size_t MinHeapSize                              = 8388608                                   {product} {ergonomic}
    uintx NonNMethodCodeHeapSize                   = 5832780                                {pd product} {ergonomic}
    uintx NonProfiledCodeHeapSize                  = 122912730                              {pd product} {ergonomic}
    uintx ProfiledCodeHeapSize                     = 122912730                              {pd product} {ergonomic}
    uintx ReservedCodeCacheSize                    = 251658240                              {pd product} {ergonomic}
     bool SegmentedCodeCache                       = true                                      {product} {ergonomic}
   size_t SoftMaxHeapSize                          = 3202351104                             {manageable} {ergonomic}
     bool UseCompressedClassPointers               = true                           {product lp64_product} {ergonomic}
     bool UseCompressedOops                        = true                           {product lp64_product} {ergonomic}
     bool UseG1GC                                  = true                                      {product} {ergonomic}
     bool UseLargePagesIndividualAllocation        = false                                  {pd product} {ergonomic}

Logging:
Log output configuration:
 #0: stdout all=warning uptime,level,tags
 #1: stderr all=off uptime,level,tags

Environment Variables:
PATH=C:\Program Files (x86)\Common Files\Oracle\Java\javapath;C:\Program Files (x86)\Actian\Btrieve\bin\;C:\WINDOWS\system32;C:\WINDOWS;C:\WINDOWS\System32\Wbem;C:\WINDOWS\System32\WindowsPowerShell\v1.0\;C:\WINDOWS\System32\OpenSSH\;C:\Program Files\Git\cmd;C:\Program Files\nodejs\;C:\Program Files\Process Lasso\;C:\Program Files\dotnet\;C:\Program Files\Microsoft SQL Server\150\Tools\Binn\;C:\Program Files\Microsoft SQL Server\Client SDK\ODBC\170\Tools\Binn\;C:\Program Files\PuTTY\;C:\Program Files\Docker\Docker\resources\bin;C:\Users\Rose Gabriela\AppData\Local\Programs\Python\Python312\Scripts\;C:\Users\Rose Gabriela\AppData\Local\Programs\Python\Python312\;C:\Users\Rose Gabriela\AppData\Local\Microsoft\WindowsApps;;C:\Users\Rose Gabriela\AppData\Local\Programs\Microsoft VS Code\bin;C:\Program Files\JetBrains\PyCharm Community Edition 2023.1\bin;C:\Users\Rose Gabriela\AppData\Roaming\npm;C:\Users\Rose Gabriela\.dotnet\tools;C:\Users\Rose Gabriela\AppData\Local\spicetify;%USERPROFILE%\AppData\Local\Microsoft\WindowsApps
USERNAME=Rose Gabriela
OS=Windows_NT
PROCESSOR_IDENTIFIER=Intel64 Family 6 Model 60 Stepping 3, GenuineIntel
TMP=C:\TMP
TEMP=C:\TEMP


JNI global refs:
JNI global refs: 11, weak refs: 9

JNI global refs memory usage: 843, weak refs: 841

OOME stack traces (most recent first):
Classloader memory used:
Loader jdk.internal.loader.ClassLoaders$AppClassLoader                                 : 5710K
Loader bootstrap                                                                       : 1327K
Loader java.net.URLClassLoader                                                         : 19257B
Loader jdk.internal.reflect.DelegatingClassLoader                                      : 12912B
Loader jdk.internal.loader.ClassLoaders$PlatformClassLoader                            : 2276B


---------------  S Y S T E M  ---------------

OS:
 Windows 10 , 64 bit Build 19041 (10.0.19041.5072)
OS uptime: 3 days 10:56 hours
Hyper-V role detected

CPU: total 4 (initial active 4) (2 cores per cpu, 2 threads per core) family 6 model 60 stepping 3 microcode 0x27, cx8, cmov, fxsr, ht, mmx, sse, sse2, sse3, ssse3, sse4.1, sse4.2, popcnt, lzcnt, tsc, tscinvbit, avx, avx2, aes, erms, clmul, bmi1, bmi2, fma, vzeroupper, clflush, hv

Memory: 4k page, system-wide physical 12211M (402M free)
TotalPageFile size 20211M (AvailPageFile size 6M)
current process WorkingSet (physical memory assigned to process): 316M, peak: 316M
current process commit charge ("private bytes"): 399M, peak: 406M

vm_info: OpenJDK 64-Bit Server VM (17.0.7+0-b2043.56-10550314) for windows-amd64 JRE (17.0.7+0-b2043.56-10550314), built on Jul 24 2023 18:27:45 by "androidbuild" with MS VC++ 16.10 / 16.11 (VS2019)

END.
